MPASM 5.54                          MENU.ASM   1-27-2014  23:06:03         PAGE  1


LOC  OBJECT CODE     LINE SOURCE TEXT
  VALUE

                      00001     list p=16f877                 ; list directive to define processor
                      00002       #include <p16f877.inc>        ; processor specific variable definitions
                      00001         LIST
                      00002 
                      00003 ;==========================================================================
                      00004 ;  MPASM PIC16F877 processor include
                      00005 ; 
                      00006 ;  (c) Copyright 1999-2013 Microchip Technology, All rights reserved
                      00007 ;==========================================================================
                      00008 
                      00540         LIST
2007   3F72           00003       __CONFIG _CP_OFF & _WDT_OFF & _BODEN_ON & _PWRTE_ON & _HS_OSC & _WRT_ENABLE_ON & _CPD_OFF & _LVP_O
                            FF
                      00004 
                      00005 
                      00006 ;***************************************
                      00007 ; VARIABLES
                      00008 ;***************************************
                      00009     cblock      0x70
  00000070            00010         msgtemp
  00000071            00011                 Table_Counter
  00000072            00012                 com
  00000073            00013                 dat
  00000074            00014         lcd_d1
  00000075            00015         lcd_d2
                      00016         endc
                      00017 
                      00018 
                      00019 ;***************************************
                      00020 ; DEFINITIONS
                      00021 ;***************************************
                      00022     #define     RS      PORTD,2
                      00023         #define E       PORTD,3
                      00024 
                      00025 
                      00026 ;***************************************
                      00027 ; MACROS
                      00028 ;***************************************
                      00029 LCD_DELAY macro
                      00030         movlw   0xFF
                      00031         movwf   lcd_d1
                      00032         decfsz  lcd_d1,f
                      00033         goto    $-1
                      00034         endm
                      00035 
                      00036 Display macro   Message
                      00037                 local   loop_
                      00038                 local   end_
                      00039                 clrf    Table_Counter
                      00040                 clrw
                      00041 loop_   movf    Table_Counter,W
                      00042                 call    Message
                      00043                 xorlw   B'00000000' ;check WORK reg to see if 0 is returned
MPASM 5.54                          MENU.ASM   1-27-2014  23:06:03         PAGE  2


LOC  OBJECT CODE     LINE SOURCE TEXT
  VALUE

                      00044                 btfsc   STATUS,Z
                      00045                         goto    end_
                      00046                 call    WR_DATA
                      00047                 incf    Table_Counter,F
                      00048                 goto    loop_
                      00049 end_
                      00050                 endm
                      00051 
                      00052 
                      00053 
                      00054 ;***************************************
                      00055 ; MAIN CODE
                      00056 ;***************************************
                      00057 
                      00058     ORG       0x0000             ;RESET vector must always be at 0x00
0000   2???           00059          goto      init          ;Just jump to the main code section.
                      00060 
0001                  00061 init
0001   018B           00062          clrf      INTCON         ; No interrupts
                      00063 
0002   1683           00064          bsf       STATUS,RP0     ; select bank 1
Message[302]: Register in operand not in bank 0.  Ensure that bank bits are correct.
0003   0185           00065          clrf      TRISA          ; All port A is output
0004   30F2           00066          movlw     b'11110010'    ; Set required keypad inputs
Message[302]: Register in operand not in bank 0.  Ensure that bank bits are correct.
0005   0086           00067          movwf     TRISB
Message[302]: Register in operand not in bank 0.  Ensure that bank bits are correct.
0006   0187           00068          clrf      TRISC          ; All port C is output
Message[302]: Register in operand not in bank 0.  Ensure that bank bits are correct.
0007   0188           00069          clrf      TRISD          ; All port D is output
                      00070 
0008   1283           00071          bcf       STATUS,RP0     ; select bank 0
0009   0185           00072          clrf      PORTA
000A   0186           00073          clrf      PORTB
000B   0187           00074          clrf      PORTC
000C   0188           00075          clrf      PORTD
                      00076 
000D   2???           00077          call      InitLCD    ;Initialize the LCD 
                      00078          Display    Welcome_Msg
  0000                    M                 local   loop_
  0000                    M                 local   end_
000E   01F1               M                 clrf    Table_Counter
000F   0103               M                 clrw
0010   0871               M loop_   movf    Table_Counter,W
0011   2???               M                 call    Welcome_Msg
0012   3A00               M                 xorlw   B'00000000' ;check WORK reg to see if 0 is returned
0013   1903               M                 btfsc   STATUS,Z
0014   2???               M                         goto    end_
0015   2???               M                 call    WR_DATA
0016   0AF1               M                 incf    Table_Counter,F
0017   2???               M                 goto    loop_
0018                      M end_
                      00079 
MPASM 5.54                          MENU.ASM   1-27-2014  23:06:03         PAGE  3


LOC  OBJECT CODE     LINE SOURCE TEXT
  VALUE

0018   1C86           00080 poll     btfss          PORTB,1     ;Wait until data is available from the keypad
0019   2???           00081          goto           $-1
                      00082 
001A   0E06           00083          swapf          PORTB,W     ;Read PortB<7:4> into W<3:0>
001B   390F           00084          andlw          0x0F
001C   2???           00085          call     writemessage
                      00086 
001D   1886           00087          btfsc          PORTB,1     ;Wait until key is released
001E   2???           00088          goto           $-1
001F   2???           00089          goto     poll
                      00090 
                      00091 
                      00092 ;***************************************
                      00093 ; LOOK UP TABLE (MESSAGES)
                      00094 ;***************************************
0020                  00095 Welcome_Msg
0020   0782           00096                 addwf   PCL,F
0021   3450 3469 3463 00097                 dt              "Pick A B or C", 0
       346B 3420 3441 
       3420 3442 3420 
       346F 3472 3420 
       3443 3400 
002F                  00098 Message_A
002F   0782           00099                 addwf   PCL,F
0030   3459 346F 3475 00100                 dt              "You picked A",0
       3420 3470 3469 
       3463 346B 3465 
       3464 3420 3441 
       3400 
003D                  00101 Message_B
003D   0782           00102                 addwf   PCL,F
003E   3459 346F 3475 00103                 dt              "You picked B",0
       3420 3470 3469 
       3463 346B 3465 
       3464 3420 3442 
       3400 
004B                  00104 Message_C
004B   0782           00105                 addwf   PCL,F
004C   3459 346F 3475 00106                 dt              "You picked C",0
       3420 3470 3469 
       3463 346B 3465 
       3464 3420 3443 
       3400 
0059                  00107 Message_D1
0059   0782           00108                 addwf   PCL,F
005A   3444 343F 343F 00109                 dt              "D???????",0
       343F 343F 343F 
       343F 343F 3400 
0063                  00110 Message_D2
0063   0782           00111         addwf   PCL,F
0064   3459 346F 3475 00112         dt      "You devil!",0
       3420 3464 3465 
       3476 3469 346C 
MPASM 5.54                          MENU.ASM   1-27-2014  23:06:03         PAGE  4


LOC  OBJECT CODE     LINE SOURCE TEXT
  VALUE

       3421 3400 
                      00113 
                      00114 
                      00115 
                      00116 
                      00117 
                      00118 
                      00119 ;***************************************
                      00120 ; MESSAGE SELECTOR ROUTINE (written by me)
                      00121 ;***************************************
006F                  00122 writemessage
006F   00F0           00123     movwf   msgtemp             ; save value of W in msgtemp
                      00124 
0070                  00125 check_a
0070   3A03           00126     xorlw   0x3         ;will be all zeros if its A
0071   1D03           00127     btfss   STATUS,Z    ;and Z will be high, so skip if not high
0072   2???           00128     goto check_b
0073   2???           00129     call Clear_Display
                      00130     Display Message_A
  0000                    M                 local   loop_
  0000                    M                 local   end_
0074   01F1               M                 clrf    Table_Counter
0075   0103               M                 clrw
0076   0871               M loop_   movf    Table_Counter,W
0077   2???               M                 call    Message_A
0078   3A00               M                 xorlw   B'00000000' ;check WORK reg to see if 0 is returned
0079   1903               M                 btfsc   STATUS,Z
007A   2???               M                         goto    end_
007B   2???               M                 call    WR_DATA
007C   0AF1               M                 incf    Table_Counter,F
007D   2???               M                 goto    loop_
007E                      M end_
007E   0008           00131     return
                      00132 
007F                  00133 check_b
007F   0870           00134     movf    msgtemp,W      ;W is selected key again
0080   3A07           00135     xorlw   0x7         ;will be all zeros if its B
0081   1D03           00136     btfss   STATUS,Z    ;and Z will be high, so skip if not high
0082   2???           00137     goto check_c
0083   2???           00138     call Clear_Display
                      00139     Display Message_B
  0000                    M                 local   loop_
  0000                    M                 local   end_
0084   01F1               M                 clrf    Table_Counter
0085   0103               M                 clrw
0086   0871               M loop_   movf    Table_Counter,W
0087   2???               M                 call    Message_B
0088   3A00               M                 xorlw   B'00000000' ;check WORK reg to see if 0 is returned
0089   1903               M                 btfsc   STATUS,Z
008A   2???               M                         goto    end_
008B   2???               M                 call    WR_DATA
008C   0AF1               M                 incf    Table_Counter,F
008D   2???               M                 goto    loop_
MPASM 5.54                          MENU.ASM   1-27-2014  23:06:03         PAGE  5


LOC  OBJECT CODE     LINE SOURCE TEXT
  VALUE

008E                      M end_
008E   0008           00140     return
                      00141 
008F                  00142 check_c
008F   0870           00143     movf    msgtemp,W      ;W is selected key again
0090   3A0B           00144     xorlw   0xB         ;will be all zeros if its B
0091   1D03           00145     btfss   STATUS,Z    ;and Z will be high, so skip if not high
0092   2???           00146     goto check_d
0093   2???           00147     call Clear_Display
                      00148     Display Message_C
  0000                    M                 local   loop_
  0000                    M                 local   end_
0094   01F1               M                 clrf    Table_Counter
0095   0103               M                 clrw
0096   0871               M loop_   movf    Table_Counter,W
0097   2???               M                 call    Message_C
0098   3A00               M                 xorlw   B'00000000' ;check WORK reg to see if 0 is returned
0099   1903               M                 btfsc   STATUS,Z
009A   2???               M                         goto    end_
009B   2???               M                 call    WR_DATA
009C   0AF1               M                 incf    Table_Counter,F
009D   2???               M                 goto    loop_
009E                      M end_
009E   0008           00149     return
                      00150 
009F                  00151 check_d
009F   0870           00152     movf    msgtemp,W      ;W is selected key again
00A0   3A0F           00153     xorlw   0xF         ;will be all zeros if its B
00A1   1D03           00154     btfss   STATUS,Z    ;and Z will be high, so skip if not high
00A2   2???           00155     goto default
00A3   2???           00156     call Clear_Display
                      00157     Display Message_D1
  0000                    M                 local   loop_
  0000                    M                 local   end_
00A4   01F1               M                 clrf    Table_Counter
00A5   0103               M                 clrw
00A6   0871               M loop_   movf    Table_Counter,W
00A7   2???               M                 call    Message_D1
00A8   3A00               M                 xorlw   B'00000000' ;check WORK reg to see if 0 is returned
00A9   1903               M                 btfsc   STATUS,Z
00AA   2???               M                         goto    end_
00AB   2???               M                 call    WR_DATA
00AC   0AF1               M                 incf    Table_Counter,F
00AD   2???               M                 goto    loop_
00AE                      M end_
00AE   2???           00158     call Switch_Lines
                      00159     Display Message_D2
  0000                    M                 local   loop_
  0000                    M                 local   end_
00AF   01F1               M                 clrf    Table_Counter
00B0   0103               M                 clrw
00B1   0871               M loop_   movf    Table_Counter,W
00B2   2???               M                 call    Message_D2
MPASM 5.54                          MENU.ASM   1-27-2014  23:06:03         PAGE  6


LOC  OBJECT CODE     LINE SOURCE TEXT
  VALUE

00B3   3A00               M                 xorlw   B'00000000' ;check WORK reg to see if 0 is returned
00B4   1903               M                 btfsc   STATUS,Z
00B5   2???               M                         goto    end_
00B6   2???               M                 call    WR_DATA
00B7   0AF1               M                 incf    Table_Counter,F
00B8   2???               M                 goto    loop_
00B9                      M end_
00B9   0008           00160     return
                      00161 
00BA                  00162 default
00BA   2???           00163     call Clear_Display
                      00164     Display Welcome_Msg
  0000                    M                 local   loop_
  0000                    M                 local   end_
00BB   01F1               M                 clrf    Table_Counter
00BC   0103               M                 clrw
00BD   0871               M loop_   movf    Table_Counter,W
00BE   2???               M                 call    Welcome_Msg
00BF   3A00               M                 xorlw   B'00000000' ;check WORK reg to see if 0 is returned
00C0   1903               M                 btfsc   STATUS,Z
00C1   2???               M                         goto    end_
00C2   2???               M                 call    WR_DATA
00C3   0AF1               M                 incf    Table_Counter,F
00C4   2???               M                 goto    loop_
00C5                      M end_
00C5   0008           00165     return
                      00166 
                      00167 
                      00168 
                      00169 ;***************************************
                      00170 ; DISPLAY ROUTINES (copied from sample code)
                      00171 ;***************************************
                      00172 
00C6                  00173 InitLCD
00C6   1283           00174         bcf STATUS,RP0
00C7   1588           00175         bsf E     ;E default high
                      00176 
                      00177         ;Wait for LCD POR to finish (~15ms)
00C8   2???           00178         call lcdLongDelay
00C9   2???           00179         call lcdLongDelay
00CA   2???           00180         call lcdLongDelay
                      00181 
                      00182         ;Ensure 8-bit mode first (no way to immediately guarantee 4-bit mode)
                      00183         ; -> Send b'0011' 3 times
00CB   3033           00184         movlw   b'00110011'
00CC   2???           00185         call    WR_INS
00CD   2???           00186         call lcdLongDelay
00CE   2???           00187         call lcdLongDelay
00CF   3032           00188         movlw   b'00110010'
00D0   2???           00189         call    WR_INS
00D1   2???           00190         call lcdLongDelay
00D2   2???           00191         call lcdLongDelay
                      00192 
MPASM 5.54                          MENU.ASM   1-27-2014  23:06:03         PAGE  7


LOC  OBJECT CODE     LINE SOURCE TEXT
  VALUE

                      00193         ; 4 bits, 2 lines, 5x7 dots
00D3   3028           00194         movlw   b'00101000'
00D4   2???           00195         call    WR_INS
00D5   2???           00196         call lcdLongDelay
00D6   2???           00197         call lcdLongDelay
                      00198 
                      00199         ; display on/off
00D7   300C           00200         movlw   b'00001100'
00D8   2???           00201         call    WR_INS
00D9   2???           00202         call lcdLongDelay
00DA   2???           00203         call lcdLongDelay
                      00204 
                      00205         ; Entry mode
00DB   3006           00206         movlw   b'00000110'
00DC   2???           00207         call    WR_INS
00DD   2???           00208         call lcdLongDelay
00DE   2???           00209         call lcdLongDelay
                      00210 
                      00211         ; Clear ram
00DF   3001           00212         movlw   b'00000001'
00E0   2???           00213         call    WR_INS
00E1   2???           00214         call lcdLongDelay
00E2   2???           00215         call lcdLongDelay
00E3   0008           00216         return
                      00217  
                      00218 
00E4                  00219 Clear_Display
00E4   3001           00220                 movlw   B'00000001'
00E5   2???           00221                 call    WR_INS
00E6   0008           00222                 return
                      00223 
00E7                  00224 Switch_Lines
00E7   30C0           00225                 movlw   B'11000000'
00E8   2???           00226                 call    WR_INS
00E9   0008           00227                 return
                      00228 
00EA                  00229 WR_INS
00EA   1108           00230         bcf             RS                              ;clear RS
00EB   00F2           00231         movwf   com                             ;W --> com
00EC   39F0           00232         andlw   0xF0                    ;mask 4 bits MSB w = X0
00ED   0088           00233         movwf   PORTD                   ;Send 4 bits MSB
00EE   1588           00234         bsf             E                               ;
00EF   2???           00235         call    lcdLongDelay    ;__    __
00F0   1188           00236         bcf             E                               ;  |__|
00F1   0E72           00237         swapf   com,w
00F2   39F0           00238         andlw   0xF0                    ;1111 0010
00F3   0088           00239         movwf   PORTD                   ;send 4 bits LSB
00F4   1588           00240         bsf             E                               ;
00F5   2???           00241         call    lcdLongDelay    ;__    __
00F6   1188           00242         bcf             E                               ;  |__|
00F7   2???           00243         call    lcdLongDelay
00F8   0008           00244         return
                      00245 
MPASM 5.54                          MENU.ASM   1-27-2014  23:06:03         PAGE  8


LOC  OBJECT CODE     LINE SOURCE TEXT
  VALUE

                      00246 
00F9                  00247 WR_DATA
00F9   1508           00248         bsf             RS
00FA   00F3           00249         movwf   dat
00FB   0873           00250         movf    dat,w
00FC   39F0           00251         andlw   0xF0
00FD   3E04           00252         addlw   4
00FE   0088           00253         movwf   PORTD
00FF   1588           00254         bsf             E                               ;
0100   2???           00255         call    lcdLongDelay    ;__    __
0101   1188           00256         bcf             E                               ;  |__|
0102   0E73           00257         swapf   dat,w
0103   39F0           00258         andlw   0xF0
0104   3E04           00259         addlw   4
0105   0088           00260         movwf   PORTD
0106   1588           00261         bsf             E                               ;
0107   2???           00262         call    lcdLongDelay    ;__    __
0108   1188           00263         bcf             E                               ;  |__|
0109   0008           00264         return
                      00265 
010A                  00266 lcdLongDelay
010A   3014           00267     movlw d'20'
010B   00F5           00268     movwf lcd_d2
010C                  00269 LLD_LOOP
                      00270     LCD_DELAY
010C   30FF               M         movlw   0xFF
010D   00F4               M         movwf   lcd_d1
010E   0BF4               M         decfsz  lcd_d1,f
010F   2???               M         goto    $-1
0110   0BF5           00271     decfsz lcd_d2,f
0111   2???           00272     goto LLD_LOOP
0112   0008           00273     return
                      00274 
3F72                  00275     END
MPASM 5.54                          MENU.ASM   1-27-2014  23:06:03         PAGE  9


SYMBOL TABLE
  LABEL                             VALUE 

ACKDT                             00000005
ACKEN                             00000004
ACKSTAT                           00000006
ADCON0                            0000001F
ADCON1                            0000009F
ADCS0                             00000006
ADCS1                             00000007
ADDEN                             00000003
ADFM                              00000007
ADIE                              00000006
ADIF                              00000006
ADON                              00000000
ADRESH                            0000001E
ADRESL                            0000009E
BCLIE                             00000003
BCLIF                             00000003
BF                                00000000
BRGH                              00000002
C                                 00000000
CCP1CON                           00000017
CCP1IE                            00000002
CCP1IF                            00000002
CCP1M0                            00000000
CCP1M1                            00000001
CCP1M2                            00000002
CCP1M3                            00000003
CCP1X                             00000005
CCP1Y                             00000004
CCP2CON                           0000001D
CCP2IE                            00000000
CCP2IF                            00000000
CCP2M0                            00000000
CCP2M1                            00000001
CCP2M2                            00000002
CCP2M3                            00000003
CCP2X                             00000005
CCP2Y                             00000004
CCPR1                             00000015
CCPR1H                            00000016
CCPR1L                            00000015
CCPR2                             0000001B
CCPR2H                            0000001C
CCPR2L                            0000001B
CHS0                              00000003
CHS1                              00000004
CHS2                              00000005
CKE                               00000006
CKP                               00000004
CREN                              00000004
CSRC                              00000007
Clear_Display                     000000E4
D                                 00000005
DATA_ADDRESS                      00000005
MPASM 5.54                          MENU.ASM   1-27-2014  23:06:03         PAGE 10


SYMBOL TABLE
  LABEL                             VALUE 

DC                                00000001
D_A                               00000005
D_NOT_A                           00000005
Display                           
E                                 PORTD,3
EEADR                             0000010D
EEADRH                            0000010F
EECON1                            0000018C
EECON2                            0000018D
EEDATA                            0000010C
EEDATH                            0000010E
EEIE                              00000004
EEIF                              00000004
EEPGD                             00000007
F                                 00000001
FERR                              00000002
FSR                               00000004
GCEN                              00000007
GIE                               00000007
GO                                00000002
GO_DONE                           00000002
GO_NOT_DONE                       00000002
I2C_DATA                          00000005
I2C_READ                          00000002
I2C_START                         00000003
I2C_STOP                          00000004
IBF                               00000007
IBOV                              00000005
INDF                              00000000
INTCON                            0000000B
INTE                              00000004
INTEDG                            00000006
INTF                              00000001
IRP                               00000007
InitLCD                           000000C6
LCD_DELAY                         
LLD_LOOP                          0000010C
Message_A                         0000002F
Message_B                         0000003D
Message_C                         0000004B
Message_D1                        00000059
Message_D2                        00000063
NOT_A                             00000005
NOT_ADDRESS                       00000005
NOT_BO                            00000000
NOT_BOR                           00000000
NOT_DONE                          00000002
NOT_PD                            00000003
NOT_POR                           00000001
NOT_RBPU                          00000007
NOT_RC8                           00000006
NOT_T1SYNC                        00000002
NOT_TO                            00000004
MPASM 5.54                          MENU.ASM   1-27-2014  23:06:03         PAGE 11


SYMBOL TABLE
  LABEL                             VALUE 

NOT_TX8                           00000006
NOT_W                             00000002
NOT_WRITE                         00000002
OBF                               00000006
OERR                              00000001
OPTION_REG                        00000081
P                                 00000004
PCFG0                             00000000
PCFG1                             00000001
PCFG2                             00000002
PCFG3                             00000003
PCL                               00000002
PCLATH                            0000000A
PCON                              0000008E
PEIE                              00000006
PEN                               00000002
PIE1                              0000008C
PIE2                              0000008D
PIR1                              0000000C
PIR2                              0000000D
PORTA                             00000005
PORTB                             00000006
PORTC                             00000007
PORTD                             00000008
PORTE                             00000009
PR2                               00000092
PS0                               00000000
PS1                               00000001
PS2                               00000002
PSA                               00000003
PSPIE                             00000007
PSPIF                             00000007
PSPMODE                           00000004
R                                 00000002
RA0                               00000000
RA1                               00000001
RA2                               00000002
RA3                               00000003
RA4                               00000004
RA5                               00000005
RB0                               00000000
RB1                               00000001
RB2                               00000002
RB3                               00000003
RB4                               00000004
RB5                               00000005
RB6                               00000006
RB7                               00000007
RBIE                              00000003
RBIF                              00000000
RC0                               00000000
RC1                               00000001
RC2                               00000002
MPASM 5.54                          MENU.ASM   1-27-2014  23:06:03         PAGE 12


SYMBOL TABLE
  LABEL                             VALUE 

RC3                               00000003
RC4                               00000004
RC5                               00000005
RC6                               00000006
RC7                               00000007
RC8_9                             00000006
RC9                               00000006
RCD8                              00000000
RCEN                              00000003
RCIE                              00000005
RCIF                              00000005
RCREG                             0000001A
RCSTA                             00000018
RD                                00000000
RD0                               00000000
RD1                               00000001
RD2                               00000002
RD3                               00000003
RD4                               00000004
RD5                               00000005
RD6                               00000006
RD7                               00000007
RE0                               00000000
RE1                               00000001
RE2                               00000002
READ_WRITE                        00000002
RP0                               00000005
RP1                               00000006
RS                                PORTD,2
RSEN                              00000001
RX9                               00000006
RX9D                              00000000
R_NOT_W                           00000002
R_W                               00000002
S                                 00000003
SEN                               00000000
SMP                               00000007
SPBRG                             00000099
SPEN                              00000007
SREN                              00000005
SSPADD                            00000093
SSPBUF                            00000013
SSPCON                            00000014
SSPCON2                           00000091
SSPEN                             00000005
SSPIE                             00000003
SSPIF                             00000003
SSPM0                             00000000
SSPM1                             00000001
SSPM2                             00000002
SSPM3                             00000003
SSPOV                             00000006
SSPSTAT                           00000094
MPASM 5.54                          MENU.ASM   1-27-2014  23:06:03         PAGE 13


SYMBOL TABLE
  LABEL                             VALUE 

STATUS                            00000003
SYNC                              00000004
Switch_Lines                      000000E7
T0CS                              00000005
T0IE                              00000005
T0IF                              00000002
T0SE                              00000004
T1CKPS0                           00000004
T1CKPS1                           00000005
T1CON                             00000010
T1INSYNC                          00000002
T1OSCEN                           00000003
T1SYNC                            00000002
T2CKPS0                           00000000
T2CKPS1                           00000001
T2CON                             00000012
TMR0                              00000001
TMR0IE                            00000005
TMR0IF                            00000002
TMR1                              0000000E
TMR1CS                            00000001
TMR1H                             0000000F
TMR1IE                            00000000
TMR1IF                            00000000
TMR1L                             0000000E
TMR1ON                            00000000
TMR2                              00000011
TMR2IE                            00000001
TMR2IF                            00000001
TMR2ON                            00000002
TOUTPS0                           00000003
TOUTPS1                           00000004
TOUTPS2                           00000005
TOUTPS3                           00000006
TRISA                             00000085
TRISA0                            00000000
TRISA1                            00000001
TRISA2                            00000002
TRISA3                            00000003
TRISA4                            00000004
TRISA5                            00000005
TRISB                             00000086
TRISB0                            00000000
TRISB1                            00000001
TRISB2                            00000002
TRISB3                            00000003
TRISB4                            00000004
TRISB5                            00000005
TRISB6                            00000006
TRISB7                            00000007
TRISC                             00000087
TRISC0                            00000000
TRISC1                            00000001
MPASM 5.54                          MENU.ASM   1-27-2014  23:06:03         PAGE 14


SYMBOL TABLE
  LABEL                             VALUE 

TRISC2                            00000002
TRISC3                            00000003
TRISC4                            00000004
TRISC5                            00000005
TRISC6                            00000006
TRISC7                            00000007
TRISD                             00000088
TRISD0                            00000000
TRISD1                            00000001
TRISD2                            00000002
TRISD3                            00000003
TRISD4                            00000004
TRISD5                            00000005
TRISD6                            00000006
TRISD7                            00000007
TRISE                             00000089
TRISE0                            00000000
TRISE1                            00000001
TRISE2                            00000002
TRMT                              00000001
TX8_9                             00000006
TX9                               00000006
TX9D                              00000000
TXD8                              00000000
TXEN                              00000005
TXIE                              00000004
TXIF                              00000004
TXREG                             00000019
TXSTA                             00000098
Table_Counter                     00000071
UA                                00000001
W                                 00000000
WCOL                              00000007
WR                                00000001
WREN                              00000002
WRERR                             00000003
WR_DATA                           000000F9
WR_INS                            000000EA
Welcome_Msg                       00000020
Z                                 00000002
_.org_0_0019                      00000019
_.org_0_001E                      0000001E
_.org_0_010F                      0000010F
_BODEN_OFF                        00003FBF
_BODEN_ON                         00003FFF
_BOREN_OFF                        00003FBF
_BOREN_ON                         00003FFF
_CONFIG                           00002007
_CPD_OFF                          00003FFF
_CPD_ON                           00003EFF
_CP_ALL                           00000FCF
_CP_HALF                          00001FDF
_CP_OFF                           00003FFF
MPASM 5.54                          MENU.ASM   1-27-2014  23:06:03         PAGE 15


SYMBOL TABLE
  LABEL                             VALUE 

_CP_UPPER_256                     00002FEF
_DEBUG_OFF                        00003FFF
_DEBUG_ON                         000037FF
_DEVID1                           00002006
_FOSC_EXTRC                       00003FFF
_FOSC_HS                          00003FFE
_FOSC_LP                          00003FFC
_FOSC_XT                          00003FFD
_HS_OSC                           00003FFE
_IDLOC0                           00002000
_IDLOC1                           00002001
_IDLOC2                           00002002
_IDLOC3                           00002003
_LP_OSC                           00003FFC
_LVP_OFF                          00003F7F
_LVP_ON                           00003FFF
_PWRTE_OFF                        00003FFF
_PWRTE_ON                         00003FF7
_RC_OSC                           00003FFF
_WDTE_OFF                         00003FFB
_WDTE_ON                          00003FFF
_WDT_OFF                          00003FFB
_WDT_ON                           00003FFF
_WRT_ENABLE_OFF                   00003DFF
_WRT_ENABLE_ON                    00003FFF
_WRT_OFF                          00003DFF
_WRT_ON                           00003FFF
_XT_OSC                           00003FFD
__16F877                          00000001
check_a                           00000070
check_b                           0000007F
check_c                           0000008F
check_d                           0000009F
com                               00000072
dat                               00000073
default                           000000BA
init                              00000001
lcdLongDelay                      0000010A
lcd_d1                            00000074
lcd_d2                            00000075
msgtemp                           00000070
poll                              00000018
writemessage                      0000006F

Errors   :     0
Warnings :     0 reported,     0 suppressed
Messages :     4 reported,     0 suppressed

