MPASM 5.54                     INTERFACE.ASM   1-29-2014  17:01:09         PAGE  1


LOC  OBJECT CODE     LINE SOURCE TEXT
  VALUE

                      00001     list p=16f877                 ; list directive to define processor
                      00002       #include <p16f877.inc>        ; processor specific variable definitions
                      00001         LIST
                      00002 
                      00003 ;==========================================================================
                      00004 ;  MPASM PIC16F877 processor include
                      00005 ; 
                      00006 ;  (c) Copyright 1999-2013 Microchip Technology, All rights reserved
                      00007 ;==========================================================================
                      00008 
                      00540         LIST
2007   3F72           00003       __CONFIG _CP_OFF & _WDT_OFF & _BODEN_ON & _PWRTE_ON & _HS_OSC & _WRT_ENABLE_ON & _CPD_OFF & _LVP_O
                            FF
                      00004 
                      00005 
                      00006 ;***************************************
                      00007 ; VARIABLES
                      00008 ;***************************************
                      00009     cblock      0x20
                      00010         ; for use in code
  00000020            00011         keytemp
  00000021            00012         statustemp
  00000022            00013                 Table_Counter
  00000023            00014                 com
  00000024            00015                 dat
  00000025            00016         lcd_d1
  00000026            00017         lcd_d2
  00000027            00018         COUNTH
  00000028            00019         COUNTM
  00000029            00020         COUNTL
                      00021         ; values to display (generated by main machine code)
  0000002A            00022         op_time     ; in seconds
  0000002B            00023         status1     ;where   0 = none      1 = pass
  0000002C            00024         status2      ;       2 = led fail  3 = flicker fail
  0000002D            00025         status3
  0000002E            00026         status4
  0000002F            00027         status5
  00000030            00028         status6
  00000031            00029         status7
  00000032            00030         status8
  00000033            00031         status9
  00000034            00032         num_dis
  00000035            00033         num_tot
                      00034         endc
                      00035 
                      00036 
                      00037 ;***************************************
                      00038 ; DEFINITIONS
                      00039 ;***************************************
                      00040     #define     RS      PORTD,2
                      00041         #define E       PORTD,3
                      00042 
                      00043 
MPASM 5.54                     INTERFACE.ASM   1-29-2014  17:01:09         PAGE  2


LOC  OBJECT CODE     LINE SOURCE TEXT
  VALUE

                      00044 ;***************************************
                      00045 ; MACROS
                      00046 ;***************************************
                      00047 LCD_DELAY macro
                      00048         movlw   0xFF
                      00049         movwf   lcd_d1
                      00050         decfsz  lcd_d1,f
                      00051         goto    $-1
                      00052         endm
                      00053 
                      00054 Display macro   Message
                      00055                 local   loop_
                      00056                 local   end_
                      00057                 clrf    Table_Counter
                      00058                 clrw
                      00059 loop_   movf    Table_Counter,W
                      00060                 call    Message
                      00061                 xorlw   B'00000000' ;check WORK reg to see if 0 is returned
                      00062                 btfsc   STATUS,Z
                      00063                 goto    end_
                      00064                 call    WR_DATA
                      00065                 incf    Table_Counter,F
                      00066                 goto    loop_
                      00067 end_
                      00068                 endm
                      00069 
                      00070 movlf   macro   l, f
                      00071         movlw   l
                      00072         movwf   f
                      00073         endm
                      00074 
                      00075 writenum    macro   number
                      00076             movlw    number
                      00077             addlw   B'00110000'
                      00078             movwf   dat
                      00079             call WR_DATA
                      00080             endm
                      00081 
                      00082 writenum_reg    macro   reg
                      00083             movfw    reg
                      00084             addlw   B'00110000'
                      00085             movwf   dat
                      00086             call WR_DATA
                      00087             endm
                      00088 
                      00089 ;***************************************
                      00090 ; MAIN CODE
                      00091 ;***************************************
                      00092 
                      00093     ORG       0x0000             ;RESET vector must always be at 0x00
0000   2???           00094          goto      init          ;Just jump to the main code section.
                      00095 
0001                  00096 init
MPASM 5.54                     INTERFACE.ASM   1-29-2014  17:01:09         PAGE  3


LOC  OBJECT CODE     LINE SOURCE TEXT
  VALUE

0001   018B           00097          clrf      INTCON         ; No interrupts
                      00098 
0002   1683           00099          bsf       STATUS,RP0     ; select bank 1
Message[302]: Register in operand not in bank 0.  Ensure that bank bits are correct.
0003   0185           00100          clrf      TRISA          ; All port A is output
0004   30F2           00101          movlw     b'11110010'    ; Set required keypad inputs
Message[302]: Register in operand not in bank 0.  Ensure that bank bits are correct.
0005   0086           00102          movwf     TRISB
Message[302]: Register in operand not in bank 0.  Ensure that bank bits are correct.
0006   0187           00103          clrf      TRISC          ; All port C is output
Message[302]: Register in operand not in bank 0.  Ensure that bank bits are correct.
0007   0188           00104          clrf      TRISD          ; All port D is output
                      00105 
0008   1283           00106          bcf       STATUS,RP0     ; select bank 0
0009   0185           00107          clrf      PORTA
000A   0186           00108          clrf      PORTB
000B   0187           00109          clrf      PORTC
000C   0188           00110          clrf      PORTD
                      00111 
000D   2???           00112          call      InitLCD    ;Initialize the LCD
                      00113          Display   Standby_Msg
  0000                    M                 local   loop_
  0000                    M                 local   end_
000E   01A2               M                 clrf    Table_Counter
000F   0103               M                 clrw
0010   0822               M loop_   movf    Table_Counter,W
0011   2???               M                 call    Standby_Msg
0012   3A00               M                 xorlw   B'00000000' ;check WORK reg to see if 0 is returned
0013   1903               M                 btfsc   STATUS,Z
0014   2???               M                 goto    end_
0015   2???               M                 call    WR_DATA
0016   0AA2               M                 incf    Table_Counter,F
0017   2???               M                 goto    loop_
0018                      M end_
                      00114 
0018   1C86           00115 waiting  btfss          PORTB,1     ;Wait until data is available from the keypad
0019   2???           00116          goto           $-1
                      00117 
001A   0E06           00118          swapf          PORTB,W     ;Read PortB<7:4> into W<3:0>
001B   390F           00119          andlw          0x0F
001C   3A03           00120          xorlw      0x3         ;will be all zeros if its "START:
001D   1903           00121          btfsc      STATUS,Z    ;and Z will be high, so skip if not high
001E   2???           00122          goto       start
                      00123 
001F   1886           00124          btfsc          PORTB,1     ;Wait until key is released
0020   2???           00125          goto           $-1
0021   2???           00126          goto       waiting
                      00127 
                      00128 ;--------------------------------------
                      00129 ;       ACTUAL OPERATION (im just adding values manually now)
                      00130 
0022                  00131 start
0022   2???           00132         call        Clear_Display
MPASM 5.54                     INTERFACE.ASM   1-29-2014  17:01:09         PAGE  4


LOC  OBJECT CODE     LINE SOURCE TEXT
  VALUE

                      00133         Display     Start_Msg
  0000                    M                 local   loop_
  0000                    M                 local   end_
0023   01A2               M                 clrf    Table_Counter
0024   0103               M                 clrw
0025   0822               M loop_   movf    Table_Counter,W
0026   2???               M                 call    Start_Msg
0027   3A00               M                 xorlw   B'00000000' ;check WORK reg to see if 0 is returned
0028   1903               M                 btfsc   STATUS,Z
0029   2???               M                 goto    end_
002A   2???               M                 call    WR_DATA
002B   0AA2               M                 incf    Table_Counter,F
002C   2???               M                 goto    loop_
002D                      M end_
                      00134 
                      00135 ; just shitting around
002D   2???           00136         call    HalfS
002E   2???           00137         call Clear_Display
                      00138         writenum    0x5
002F   3005               M             movlw    0x5
0030   3E30               M             addlw   B'00110000'
0031   00A4               M             movwf   dat
0032   2???               M             call WR_DATA
0033   2???           00139         call    HalfS
0034   2???           00140         call Clear_Display
                      00141         writenum    0x4
0035   3004               M             movlw    0x4
0036   3E30               M             addlw   B'00110000'
0037   00A4               M             movwf   dat
0038   2???               M             call WR_DATA
0039   2???           00142         call    HalfS
003A   2???           00143         call Clear_Display
                      00144         writenum    0x3
003B   3003               M             movlw    0x3
003C   3E30               M             addlw   B'00110000'
003D   00A4               M             movwf   dat
003E   2???               M             call WR_DATA
003F   2???           00145         call    HalfS
0040   2???           00146         call Clear_Display
                      00147         writenum    0x2
0041   3002               M             movlw    0x2
0042   3E30               M             addlw   B'00110000'
0043   00A4               M             movwf   dat
0044   2???               M             call WR_DATA
0045   2???           00148         call    HalfS
0046   2???           00149         call Clear_Display
                      00150         writenum    0x1
0047   3001               M             movlw    0x1
0048   3E30               M             addlw   B'00110000'
0049   00A4               M             movwf   dat
004A   2???               M             call WR_DATA
004B   2???           00151         call    HalfS
                      00152 
MPASM 5.54                     INTERFACE.ASM   1-29-2014  17:01:09         PAGE  5


LOC  OBJECT CODE     LINE SOURCE TEXT
  VALUE

                      00153 ; Putting values in manually. This will be done automatically in main program
                      00154          movlf     D'47', op_time
004C   302F               M         movlw   D'47'
004D   00AA               M         movwf   op_time
                      00155          movlf     B'00', status1
004E   3000               M         movlw   B'00'
004F   00AB               M         movwf   status1
                      00156          movlf     B'01', status2
0050   3001               M         movlw   B'01'
0051   00AC               M         movwf   status2
                      00157          movlf     B'10', status3
0052   3002               M         movlw   B'10'
0053   00AD               M         movwf   status3
                      00158          movlf     B'11', status4
0054   3003               M         movlw   B'11'
0055   00AE               M         movwf   status4
                      00159          movlf     B'01', status5
0056   3001               M         movlw   B'01'
0057   00AF               M         movwf   status5
                      00160          movlf     B'01', status6
0058   3001               M         movlw   B'01'
0059   00B0               M         movwf   status6
                      00161          movlf     B'01', status7
005A   3001               M         movlw   B'01'
005B   00B1               M         movwf   status7
                      00162          movlf     B'01', status8
005C   3001               M         movlw   B'01'
005D   00B2               M         movwf   status8
                      00163          movlf     B'00', status9
005E   3000               M         movlw   B'00'
005F   00B3               M         movwf   status9
                      00164          movlf     D'2', num_dis
0060   3002               M         movlw   D'2'
0061   00B4               M         movwf   num_dis
                      00165          movlf     D'7', num_tot
0062   3007               M         movlw   D'7'
0063   00B5               M         movwf   num_tot
                      00166 
                      00167 
0064   2???           00168         call        Clear_Display
                      00169         Display    End_Msg
  0000                    M                 local   loop_
  0000                    M                 local   end_
0065   01A2               M                 clrf    Table_Counter
0066   0103               M                 clrw
0067   0822               M loop_   movf    Table_Counter,W
0068   2???               M                 call    End_Msg
0069   3A00               M                 xorlw   B'00000000' ;check WORK reg to see if 0 is returned
006A   1903               M                 btfsc   STATUS,Z
006B   2???               M                 goto    end_
006C   2???               M                 call    WR_DATA
006D   0AA2               M                 incf    Table_Counter,F
006E   2???               M                 goto    loop_
MPASM 5.54                     INTERFACE.ASM   1-29-2014  17:01:09         PAGE  6


LOC  OBJECT CODE     LINE SOURCE TEXT
  VALUE

006F                      M end_
                      00170 ;-----------------------------------------------------------------------
                      00171 
                      00172 ; Data display interface
                      00173 
006F   1C86           00174 poll     btfss          PORTB,1     ;Wait until data is available from the keypad
0070   2???           00175          goto           $-1
                      00176 
0071   0E06           00177          swapf          PORTB,W     ;Read PortB<7:4> into W<3:0>
0072   390F           00178          andlw          0x0F
0073   2???           00179          call       information
                      00180 
0074   1886           00181          btfsc          PORTB,1     ;Wait until key is released
0075   2???           00182          goto           $-1
0076   2???           00183          goto       poll
                      00184 
                      00185 ;-------------------------------------------------------------------------
                      00186 
                      00187 ;***************************************
                      00188 ; LOOK UP TABLE (MESSAGES)
                      00189 ;***************************************
0077                  00190 Standby_Msg
0077   0782           00191                 addwf   PCL,F
0078   3453 3454 3441 00192                 dt              "STANDBY", 0
       344E 3444 3442 
       3459 3400 
0080                  00193 Start_Msg
0080   0782           00194         addwf   PCL,F
0081   3449 346E 3473 00195         dt      "Inspecting",0
       3470 3465 3463 
       3474 3469 346E 
       3467 3400 
008C                  00196 End_Msg
008C   0782           00197         addwf   PCL,F
008D   3443 346F 346D 00198         dt      "Complete",0
       3470 346C 3465 
       3474 3465 3400 
0096                  00199 Time_Msg
0096   0782           00200                 addwf   PCL,F
0097   344F 3470 3465 00201                 dt              "Operation time:",0
       3472 3461 3474 
       3469 346F 346E 
       3420 3474 3469 
       346D 3465 343A 
       3400 
00A7                  00202 Seconds
00A7   0782           00203         addwf   PCL,F
00A8   3420 3473 3465 00204         dt      " seconds", 0
       3463 346F 346E 
       3464 3473 3400 
00B1                  00205 None
00B1   0782           00206         addwf   PCL,F
00B2   343A 3420 346E 00207         dt      ": not present",0
MPASM 5.54                     INTERFACE.ASM   1-29-2014  17:01:09         PAGE  7


LOC  OBJECT CODE     LINE SOURCE TEXT
  VALUE

       346F 3474 3420 
       3470 3472 3465 
       3473 3465 346E 
       3474 3400 
00C0                  00208 Pass
00C0   0782           00209                 addwf   PCL,F
00C1   343A 3420 3470 00210                 dt              ": pass",0
       3461 3473 3473 
       3400 
00C8                  00211 LED_fail
00C8   0782           00212                 addwf   PCL,F
00C9   343A 3420 344C 00213                 dt              ": LED fail",0
       3445 3444 3420 
       3466 3461 3469 
       346C 3400 
00D4                  00214 Flick_fail
00D4   0782           00215                 addwf   PCL,F
00D5   343A 3420 3466 00216                 dt              ": flicker fail",0
       346C 3469 3463 
       346B 3465 3472 
       3420 3466 3461 
       3469 346C 3400 
00E4                  00217 Of
00E4   0782           00218         addwf   PCL,F
00E5   3420 346F 3466 00219         dt      " of ",0
       3420 3400 
00EA                  00220 Candles
00EA   0782           00221         addwf   PCL,F
00EB   3420 3463 3461 00222         dt      " candles",0
       346E 3464 346C 
       3465 3473 3400 
00F4                  00223 Defective
00F4   0782           00224         addwf   PCL,F
00F5   3464 3465 3466 00225         dt      "defective",0
       3465 3463 3474 
       3469 3476 3465 
       3400 
                      00226 
                      00227 
                      00228 ;***************************************
                      00229 ; KEY SELECTOR ROUTINE (written by me)
                      00230 ;***************************************
00FF                  00231 information
00FF   00A0           00232     movwf   keytemp             ; save value of W in msgtemp
                      00233 
0100                  00234 check_1
0100   3A00           00235     xorlw   0x0         ;will be all zeros if its 1
0101   1D03           00236     btfss   STATUS,Z    ;and Z will be high, so skip 
0102   2???           00237     goto check_2
0103   2???           00238     call Clear_Display
                      00239     writenum 0x1
0104   3001               M             movlw    0x1
0105   3E30               M             addlw   B'00110000'
MPASM 5.54                     INTERFACE.ASM   1-29-2014  17:01:09         PAGE  8


LOC  OBJECT CODE     LINE SOURCE TEXT
  VALUE

0106   00A4               M             movwf   dat
0107   2???               M             call WR_DATA
0108   082B           00240     movf status1, W
0109   2???           00241     call display_status
010A   0008           00242     return
                      00243 
010B                  00244 check_2
010B   0820           00245     movf    keytemp, W
010C   3A01           00246     xorlw   0x1         
010D   1D03           00247     btfss   STATUS,Z    
010E   2???           00248     goto check_3
010F   2???           00249     call Clear_Display
                      00250     writenum 0x2
0110   3002               M             movlw    0x2
0111   3E30               M             addlw   B'00110000'
0112   00A4               M             movwf   dat
0113   2???               M             call WR_DATA
0114   082C           00251     movf status2, W
0115   2???           00252     call display_status
0116   0008           00253     return
                      00254 
0117                  00255 check_3
0117   0820           00256     movf    keytemp, W
0118   3A02           00257     xorlw   0x2
0119   1D03           00258     btfss   STATUS,Z
011A   2???           00259     goto check_4
011B   2???           00260     call Clear_Display
                      00261     writenum 0x3
011C   3003               M             movlw    0x3
011D   3E30               M             addlw   B'00110000'
011E   00A4               M             movwf   dat
011F   2???               M             call WR_DATA
0120   082D           00262     movf status3, W
0121   2???           00263     call display_status
0122   0008           00264     return
                      00265 
0123                  00266 check_4
0123   0820           00267     movf    keytemp, W
0124   3A04           00268     xorlw   0x4
0125   1D03           00269     btfss   STATUS,Z
0126   2???           00270     goto check_5
0127   2???           00271     call Clear_Display
                      00272     writenum 0x4
0128   3004               M             movlw    0x4
0129   3E30               M             addlw   B'00110000'
012A   00A4               M             movwf   dat
012B   2???               M             call WR_DATA
012C   082E           00273     movf status4, W
012D   2???           00274     call display_status
012E   0008           00275     return
                      00276 
012F                  00277 check_5
012F   0820           00278     movf    keytemp, W
MPASM 5.54                     INTERFACE.ASM   1-29-2014  17:01:09         PAGE  9


LOC  OBJECT CODE     LINE SOURCE TEXT
  VALUE

0130   3A05           00279     xorlw   0x5
0131   1D03           00280     btfss   STATUS,Z
0132   2???           00281     goto check_6
0133   2???           00282     call Clear_Display
                      00283     writenum 0x5
0134   3005               M             movlw    0x5
0135   3E30               M             addlw   B'00110000'
0136   00A4               M             movwf   dat
0137   2???               M             call WR_DATA
0138   082F           00284     movf status5, W
0139   2???           00285     call display_status
013A   0008           00286     return
                      00287 
013B                  00288 check_6
013B   0820           00289     movf    keytemp, W
013C   3A06           00290     xorlw   0x6
013D   1D03           00291     btfss   STATUS,Z
013E   2???           00292     goto check_7
013F   2???           00293     call Clear_Display
                      00294     writenum 0x6
0140   3006               M             movlw    0x6
0141   3E30               M             addlw   B'00110000'
0142   00A4               M             movwf   dat
0143   2???               M             call WR_DATA
0144   0830           00295     movf status6, W
0145   2???           00296     call display_status
0146   0008           00297     return
                      00298 
0147                  00299 check_7
0147   0820           00300     movf    keytemp, W
0148   3A08           00301     xorlw   0x8
0149   1D03           00302     btfss   STATUS,Z
014A   2???           00303     goto check_8
014B   2???           00304     call Clear_Display
                      00305     writenum 0x7
014C   3007               M             movlw    0x7
014D   3E30               M             addlw   B'00110000'
014E   00A4               M             movwf   dat
014F   2???               M             call WR_DATA
0150   0831           00306     movf status7, W
0151   2???           00307     call display_status
0152   0008           00308     return
                      00309 
0153                  00310 check_8
0153   0820           00311     movf    keytemp, W
0154   3A09           00312     xorlw   0x9
0155   1D03           00313     btfss   STATUS,Z
0156   2???           00314     goto check_9
0157   2???           00315     call Clear_Display
                      00316     writenum 0x8
0158   3008               M             movlw    0x8
0159   3E30               M             addlw   B'00110000'
015A   00A4               M             movwf   dat
MPASM 5.54                     INTERFACE.ASM   1-29-2014  17:01:09         PAGE 10


LOC  OBJECT CODE     LINE SOURCE TEXT
  VALUE

015B   2???               M             call WR_DATA
015C   0832           00317     movf status8, W
015D   2???           00318     call display_status
015E   0008           00319     return
                      00320 
015F                  00321 check_9
015F   0820           00322     movf    keytemp, W
0160   3A0A           00323     xorlw   0xA
0161   1D03           00324     btfss   STATUS,Z
0162   2???           00325     goto check_summary
0163   2???           00326     call Clear_Display
                      00327     writenum 0x9
0164   3009               M             movlw    0x9
0165   3E30               M             addlw   B'00110000'
0166   00A4               M             movwf   dat
0167   2???               M             call WR_DATA
0168   0833           00328     movf status9, W
0169   2???           00329     call display_status
016A   0008           00330     return
                      00331 
016B                  00332 check_summary           
016B   0820           00333     movf    keytemp, W
016C   3A07           00334     xorlw   0x7
016D   1D03           00335     btfss   STATUS,Z
016E   2???           00336     goto check_time
016F   2???           00337     call Clear_Display
                      00338     writenum_reg num_dis
0170   0834               M             movfw    num_dis
0171   3E30               M             addlw   B'00110000'
0172   00A4               M             movwf   dat
0173   2???               M             call WR_DATA
                      00339     Display Of
  0000                    M                 local   loop_
  0000                    M                 local   end_
0174   01A2               M                 clrf    Table_Counter
0175   0103               M                 clrw
0176   0822               M loop_   movf    Table_Counter,W
0177   2???               M                 call    Of
0178   3A00               M                 xorlw   B'00000000' ;check WORK reg to see if 0 is returned
0179   1903               M                 btfsc   STATUS,Z
017A   2???               M                 goto    end_
017B   2???               M                 call    WR_DATA
017C   0AA2               M                 incf    Table_Counter,F
017D   2???               M                 goto    loop_
017E                      M end_
                      00340     writenum_reg num_tot
017E   0835               M             movfw    num_tot
017F   3E30               M             addlw   B'00110000'
0180   00A4               M             movwf   dat
0181   2???               M             call WR_DATA
                      00341     Display Candles
  0000                    M                 local   loop_
  0000                    M                 local   end_
MPASM 5.54                     INTERFACE.ASM   1-29-2014  17:01:09         PAGE 11


LOC  OBJECT CODE     LINE SOURCE TEXT
  VALUE

0182   01A2               M                 clrf    Table_Counter
0183   0103               M                 clrw
0184   0822               M loop_   movf    Table_Counter,W
0185   2???               M                 call    Candles
0186   3A00               M                 xorlw   B'00000000' ;check WORK reg to see if 0 is returned
0187   1903               M                 btfsc   STATUS,Z
0188   2???               M                 goto    end_
0189   2???               M                 call    WR_DATA
018A   0AA2               M                 incf    Table_Counter,F
018B   2???               M                 goto    loop_
018C                      M end_
018C   2???           00342     call Switch_Lines
                      00343     Display Defective
  0000                    M                 local   loop_
  0000                    M                 local   end_
018D   01A2               M                 clrf    Table_Counter
018E   0103               M                 clrw
018F   0822               M loop_   movf    Table_Counter,W
0190   2???               M                 call    Defective
0191   3A00               M                 xorlw   B'00000000' ;check WORK reg to see if 0 is returned
0192   1903               M                 btfsc   STATUS,Z
0193   2???               M                 goto    end_
0194   2???               M                 call    WR_DATA
0195   0AA2               M                 incf    Table_Counter,F
0196   2???               M                 goto    loop_
0197                      M end_
0197   0008           00344     return
                      00345 
0198                  00346 check_time
0198   0820           00347     movf    keytemp, W
0199   3A0B           00348     xorlw   0xB
019A   1D03           00349     btfss   STATUS,Z
019B   2???           00350     goto check_start
019C   2???           00351     call Clear_Display
                      00352     Display Time_Msg
  0000                    M                 local   loop_
  0000                    M                 local   end_
019D   01A2               M                 clrf    Table_Counter
019E   0103               M                 clrw
019F   0822               M loop_   movf    Table_Counter,W
01A0   2???               M                 call    Time_Msg
01A1   3A00               M                 xorlw   B'00000000' ;check WORK reg to see if 0 is returned
01A2   1903               M                 btfsc   STATUS,Z
01A3   2???               M                 goto    end_
01A4   2???               M                 call    WR_DATA
01A5   0AA2               M                 incf    Table_Counter,F
01A6   2???               M                 goto    loop_
01A7                      M end_
01A7   2???           00353     call Switch_Lines
01A8   082A           00354     movf    op_time, W
01A9   2???           00355     call    big_number      ; this doesnt actually work
                      00356     Display Seconds
  0000                    M                 local   loop_
MPASM 5.54                     INTERFACE.ASM   1-29-2014  17:01:09         PAGE 12


LOC  OBJECT CODE     LINE SOURCE TEXT
  VALUE

  0000                    M                 local   end_
01AA   01A2               M                 clrf    Table_Counter
01AB   0103               M                 clrw
01AC   0822               M loop_   movf    Table_Counter,W
01AD   2???               M                 call    Seconds
01AE   3A00               M                 xorlw   B'00000000' ;check WORK reg to see if 0 is returned
01AF   1903               M                 btfsc   STATUS,Z
01B0   2???               M                 goto    end_
01B1   2???               M                 call    WR_DATA
01B2   0AA2               M                 incf    Table_Counter,F
01B3   2???               M                 goto    loop_
01B4                      M end_
01B4   0008           00357     return
                      00358 
01B5                  00359 check_start
01B5   0820           00360     movf    keytemp, W
01B6   3A03           00361     xorlw   0x3
01B7   1D03           00362     btfss   STATUS,Z
01B8   2???           00363     goto check_standby
01B9   2???           00364     goto start
                      00365 
01BA                  00366 check_standby
01BA   0820           00367     movf    keytemp, W
01BB   3A0F           00368     xorlw   0xF
01BC   1D03           00369     btfss   STATUS,Z
01BD   2???           00370     goto default_key
01BE   2???           00371     goto init
                      00372 
01BF                  00373 default_key
01BF   0008           00374     return
                      00375 
                      00376 
                      00377 ;***************************************
                      00378 ; STATUS SLECECTOR ROUTINE (written by me)
                      00379 ;***************************************
01C0                  00380 display_status
01C0   00A1           00381     movwf  statustemp
                      00382 
01C1                  00383 check_none
01C1   3A00           00384     xorlw   0x0
01C2   1D03           00385     btfss   STATUS,Z
01C3   2???           00386     goto check_pass
                      00387     Display None
  0000                    M                 local   loop_
  0000                    M                 local   end_
01C4   01A2               M                 clrf    Table_Counter
01C5   0103               M                 clrw
01C6   0822               M loop_   movf    Table_Counter,W
01C7   2???               M                 call    None
01C8   3A00               M                 xorlw   B'00000000' ;check WORK reg to see if 0 is returned
01C9   1903               M                 btfsc   STATUS,Z
01CA   2???               M                 goto    end_
01CB   2???               M                 call    WR_DATA
MPASM 5.54                     INTERFACE.ASM   1-29-2014  17:01:09         PAGE 13


LOC  OBJECT CODE     LINE SOURCE TEXT
  VALUE

01CC   0AA2               M                 incf    Table_Counter,F
01CD   2???               M                 goto    loop_
01CE                      M end_
01CE   0008           00388     return
                      00389 
01CF                  00390 check_pass
01CF   0821           00391     movf    statustemp, W
01D0   3A01           00392     xorlw   0x1
01D1   1D03           00393     btfss   STATUS,Z
01D2   2???           00394     goto check_LED
                      00395     Display Pass
  0000                    M                 local   loop_
  0000                    M                 local   end_
01D3   01A2               M                 clrf    Table_Counter
01D4   0103               M                 clrw
01D5   0822               M loop_   movf    Table_Counter,W
01D6   2???               M                 call    Pass
01D7   3A00               M                 xorlw   B'00000000' ;check WORK reg to see if 0 is returned
01D8   1903               M                 btfsc   STATUS,Z
01D9   2???               M                 goto    end_
01DA   2???               M                 call    WR_DATA
01DB   0AA2               M                 incf    Table_Counter,F
01DC   2???               M                 goto    loop_
01DD                      M end_
01DD   0008           00396     return
                      00397 
01DE                  00398 check_LED
01DE   0821           00399     movf    statustemp, W
01DF   3A02           00400     xorlw   0x2
01E0   1D03           00401     btfss   STATUS,Z
01E1   2???           00402     goto check_flick
                      00403     Display LED_fail
  0000                    M                 local   loop_
  0000                    M                 local   end_
01E2   01A2               M                 clrf    Table_Counter
01E3   0103               M                 clrw
01E4   0822               M loop_   movf    Table_Counter,W
01E5   2???               M                 call    LED_fail
01E6   3A00               M                 xorlw   B'00000000' ;check WORK reg to see if 0 is returned
01E7   1903               M                 btfsc   STATUS,Z
01E8   2???               M                 goto    end_
01E9   2???               M                 call    WR_DATA
01EA   0AA2               M                 incf    Table_Counter,F
01EB   2???               M                 goto    loop_
01EC                      M end_
01EC   0008           00404     return
                      00405 
01ED                  00406 check_flick
01ED   0821           00407     movf    statustemp, W
01EE   3A03           00408     xorlw   0x3
01EF   1D03           00409     btfss   STATUS,Z
01F0   2???           00410     goto default_status
                      00411     Display Flick_fail
MPASM 5.54                     INTERFACE.ASM   1-29-2014  17:01:09         PAGE 14


LOC  OBJECT CODE     LINE SOURCE TEXT
  VALUE

  0000                    M                 local   loop_
  0000                    M                 local   end_
01F1   01A2               M                 clrf    Table_Counter
01F2   0103               M                 clrw
01F3   0822               M loop_   movf    Table_Counter,W
01F4   2???               M                 call    Flick_fail
01F5   3A00               M                 xorlw   B'00000000' ;check WORK reg to see if 0 is returned
01F6   1903               M                 btfsc   STATUS,Z
01F7   2???               M                 goto    end_
01F8   2???               M                 call    WR_DATA
01F9   0AA2               M                 incf    Table_Counter,F
01FA   2???               M                 goto    loop_
01FB                      M end_
01FB   0008           00412     return
                      00413 
01FC                  00414 default_status
01FC   0008           00415     return
                      00416 
                      00417 ;***************************************
                      00418 ; DISPLAY BIG NUMBER ROUTINE (written by me)
                      00419 ;***************************************
                      00420 
01FD                  00421 big_number      ;WRITE THIS!!!
                      00422     writenum 0x9
01FD   3009               M             movlw    0x9
01FE   3E30               M             addlw   B'00110000'
01FF   00A4               M             movwf   dat
0200   2???               M             call WR_DATA
                      00423     writenum 0x0
0201   3000               M             movlw    0x0
0202   3E30               M             addlw   B'00110000'
0203   00A4               M             movwf   dat
0204   2???               M             call WR_DATA
0205   0008           00424     return
                      00425 
                      00426 
                      00427 ;***************************************
                      00428 ; DISPLAY ROUTINES (copied from sample code)
                      00429 ;***************************************
                      00430 
0206                  00431 InitLCD
0206   1283           00432         bcf STATUS,RP0
0207   1588           00433         bsf E     ;E default high
                      00434 
                      00435         ;Wait for LCD POR to finish (~15ms)
0208   2???           00436         call lcdLongDelay
0209   2???           00437         call lcdLongDelay
020A   2???           00438         call lcdLongDelay
                      00439 
                      00440         ;Ensure 8-bit mode first (no way to immediately guarantee 4-bit mode)
                      00441         ; -> Send b'0011' 3 times
020B   3033           00442         movlw   b'00110011'
020C   2???           00443         call    WR_INS
MPASM 5.54                     INTERFACE.ASM   1-29-2014  17:01:09         PAGE 15


LOC  OBJECT CODE     LINE SOURCE TEXT
  VALUE

020D   2???           00444         call lcdLongDelay
020E   2???           00445         call lcdLongDelay
020F   3032           00446         movlw   b'00110010'
0210   2???           00447         call    WR_INS
0211   2???           00448         call lcdLongDelay
0212   2???           00449         call lcdLongDelay
                      00450 
                      00451         ; 4 bits, 2 lines, 5x7 dots
0213   3028           00452         movlw   b'00101000'
0214   2???           00453         call    WR_INS
0215   2???           00454         call lcdLongDelay
0216   2???           00455         call lcdLongDelay
                      00456 
                      00457         ; display on/off
0217   300C           00458         movlw   b'00001100'
0218   2???           00459         call    WR_INS
0219   2???           00460         call lcdLongDelay
021A   2???           00461         call lcdLongDelay
                      00462 
                      00463         ; Entry mode
021B   3006           00464         movlw   b'00000110'
021C   2???           00465         call    WR_INS
021D   2???           00466         call lcdLongDelay
021E   2???           00467         call lcdLongDelay
                      00468 
                      00469         ; Clear ram
021F   3001           00470         movlw   b'00000001'
0220   2???           00471         call    WR_INS
0221   2???           00472         call lcdLongDelay
0222   2???           00473         call lcdLongDelay
0223   0008           00474         return
                      00475 
                      00476 
0224                  00477 Clear_Display
0224   3001           00478                 movlw   B'00000001'
0225   2???           00479                 call    WR_INS
0226   0008           00480                 return
                      00481 
0227                  00482 Switch_Lines
0227   30C0           00483                 movlw   B'11000000'
0228   2???           00484                 call    WR_INS
0229   0008           00485                 return
                      00486 
022A                  00487 WR_INS
022A   1108           00488         bcf             RS                              ;clear RS
022B   00A3           00489         movwf   com                             ;W --> com
022C   39F0           00490         andlw   0xF0                    ;mask 4 bits MSB w = X0
022D   0088           00491         movwf   PORTD                   ;Send 4 bits MSB
022E   1588           00492         bsf             E                               ;
022F   2???           00493         call    lcdLongDelay    ;__    __
0230   1188           00494         bcf             E                               ;  |__|
0231   0E23           00495         swapf   com,w
0232   39F0           00496         andlw   0xF0                    ;1111 0010
MPASM 5.54                     INTERFACE.ASM   1-29-2014  17:01:09         PAGE 16


LOC  OBJECT CODE     LINE SOURCE TEXT
  VALUE

0233   0088           00497         movwf   PORTD                   ;send 4 bits LSB
0234   1588           00498         bsf             E                               ;
0235   2???           00499         call    lcdLongDelay    ;__    __
0236   1188           00500         bcf             E                               ;  |__|
0237   2???           00501         call    lcdLongDelay
0238   0008           00502         return
                      00503 
                      00504 
0239                  00505 WR_DATA
0239   1508           00506         bsf             RS
023A   00A4           00507         movwf   dat
023B   0824           00508         movf    dat,w
023C   39F0           00509         andlw   0xF0
023D   3E04           00510         addlw   4
023E   0088           00511         movwf   PORTD
023F   1588           00512         bsf             E                               ;
0240   2???           00513         call    lcdLongDelay    ;__    __
0241   1188           00514         bcf             E                               ;  |__|
0242   0E24           00515         swapf   dat,w
0243   39F0           00516         andlw   0xF0
0244   3E04           00517         addlw   4
0245   0088           00518         movwf   PORTD
0246   1588           00519         bsf             E                               ;
0247   2???           00520         call    lcdLongDelay    ;__    __
0248   1188           00521         bcf             E                               ;  |__|
0249   0008           00522         return
                      00523 
024A                  00524 lcdLongDelay
024A   3014           00525     movlw d'20'
024B   00A6           00526     movwf lcd_d2
024C                  00527 LLD_LOOP
                      00528     LCD_DELAY
024C   30FF               M         movlw   0xFF
024D   00A5               M         movwf   lcd_d1
024E   0BA5               M         decfsz  lcd_d1,f
024F   2???               M         goto    $-1
0250   0BA6           00529     decfsz lcd_d2,f
0251   2???           00530     goto LLD_LOOP
0252   0008           00531     return
                      00532 
                      00533     
                      00534 
                      00535 
                      00536 ;***************************************
                      00537 ; Delay 0.5s
                      00538 ;***************************************
0253                  00539 HalfS
  0000                00540         local   HalfS_0
0253   3088           00541       movlw 0x88
0254   00A7           00542       movwf COUNTH
0255   30BD           00543       movlw 0xBD
0256   00A8           00544       movwf COUNTM
0257   3003           00545       movlw 0x03
MPASM 5.54                     INTERFACE.ASM   1-29-2014  17:01:09         PAGE 17


LOC  OBJECT CODE     LINE SOURCE TEXT
  VALUE

0258   00A9           00546       movwf COUNTL
                      00547 
0259                  00548 HalfS_0
0259   0BA7           00549       decfsz COUNTH, f
025A   2???           00550       goto   $+2
025B   0BA8           00551       decfsz COUNTM, f
025C   2???           00552       goto   $+2
025D   0BA9           00553       decfsz COUNTL, f
025E   2???           00554       goto   HalfS_0
                      00555 
025F   2???           00556       goto $+1
0260   0000           00557       nop
0261   0000           00558       nop
0262   0008           00559                 return
                      00560 
3F72                  00561     END
MPASM 5.54                     INTERFACE.ASM   1-29-2014  17:01:09         PAGE 18


SYMBOL TABLE
  LABEL                             VALUE 

ACKDT                             00000005
ACKEN                             00000004
ACKSTAT                           00000006
ADCON0                            0000001F
ADCON1                            0000009F
ADCS0                             00000006
ADCS1                             00000007
ADDEN                             00000003
ADFM                              00000007
ADIE                              00000006
ADIF                              00000006
ADON                              00000000
ADRESH                            0000001E
ADRESL                            0000009E
BCLIE                             00000003
BCLIF                             00000003
BF                                00000000
BRGH                              00000002
C                                 00000000
CCP1CON                           00000017
CCP1IE                            00000002
CCP1IF                            00000002
CCP1M0                            00000000
CCP1M1                            00000001
CCP1M2                            00000002
CCP1M3                            00000003
CCP1X                             00000005
CCP1Y                             00000004
CCP2CON                           0000001D
CCP2IE                            00000000
CCP2IF                            00000000
CCP2M0                            00000000
CCP2M1                            00000001
CCP2M2                            00000002
CCP2M3                            00000003
CCP2X                             00000005
CCP2Y                             00000004
CCPR1                             00000015
CCPR1H                            00000016
CCPR1L                            00000015
CCPR2                             0000001B
CCPR2H                            0000001C
CCPR2L                            0000001B
CHS0                              00000003
CHS1                              00000004
CHS2                              00000005
CKE                               00000006
CKP                               00000004
COUNTH                            00000027
COUNTL                            00000029
COUNTM                            00000028
CREN                              00000004
CSRC                              00000007
MPASM 5.54                     INTERFACE.ASM   1-29-2014  17:01:09         PAGE 19


SYMBOL TABLE
  LABEL                             VALUE 

Candles                           000000EA
Clear_Display                     00000224
D                                 00000005
DATA_ADDRESS                      00000005
DC                                00000001
D_A                               00000005
D_NOT_A                           00000005
Defective                         000000F4
Display                           
E                                 PORTD,3
EEADR                             0000010D
EEADRH                            0000010F
EECON1                            0000018C
EECON2                            0000018D
EEDATA                            0000010C
EEDATH                            0000010E
EEIE                              00000004
EEIF                              00000004
EEPGD                             00000007
End_Msg                           0000008C
F                                 00000001
FERR                              00000002
FSR                               00000004
Flick_fail                        000000D4
GCEN                              00000007
GIE                               00000007
GO                                00000002
GO_DONE                           00000002
GO_NOT_DONE                       00000002
HalfS                             00000253
I2C_DATA                          00000005
I2C_READ                          00000002
I2C_START                         00000003
I2C_STOP                          00000004
IBF                               00000007
IBOV                              00000005
INDF                              00000000
INTCON                            0000000B
INTE                              00000004
INTEDG                            00000006
INTF                              00000001
IRP                               00000007
InitLCD                           00000206
LCD_DELAY                         
LED_fail                          000000C8
LLD_LOOP                          0000024C
NOT_A                             00000005
NOT_ADDRESS                       00000005
NOT_BO                            00000000
NOT_BOR                           00000000
NOT_DONE                          00000002
NOT_PD                            00000003
NOT_POR                           00000001
MPASM 5.54                     INTERFACE.ASM   1-29-2014  17:01:09         PAGE 20


SYMBOL TABLE
  LABEL                             VALUE 

NOT_RBPU                          00000007
NOT_RC8                           00000006
NOT_T1SYNC                        00000002
NOT_TO                            00000004
NOT_TX8                           00000006
NOT_W                             00000002
NOT_WRITE                         00000002
None                              000000B1
OBF                               00000006
OERR                              00000001
OPTION_REG                        00000081
Of                                000000E4
P                                 00000004
PCFG0                             00000000
PCFG1                             00000001
PCFG2                             00000002
PCFG3                             00000003
PCL                               00000002
PCLATH                            0000000A
PCON                              0000008E
PEIE                              00000006
PEN                               00000002
PIE1                              0000008C
PIE2                              0000008D
PIR1                              0000000C
PIR2                              0000000D
PORTA                             00000005
PORTB                             00000006
PORTC                             00000007
PORTD                             00000008
PORTE                             00000009
PR2                               00000092
PS0                               00000000
PS1                               00000001
PS2                               00000002
PSA                               00000003
PSPIE                             00000007
PSPIF                             00000007
PSPMODE                           00000004
Pass                              000000C0
R                                 00000002
RA0                               00000000
RA1                               00000001
RA2                               00000002
RA3                               00000003
RA4                               00000004
RA5                               00000005
RB0                               00000000
RB1                               00000001
RB2                               00000002
RB3                               00000003
RB4                               00000004
RB5                               00000005
MPASM 5.54                     INTERFACE.ASM   1-29-2014  17:01:09         PAGE 21


SYMBOL TABLE
  LABEL                             VALUE 

RB6                               00000006
RB7                               00000007
RBIE                              00000003
RBIF                              00000000
RC0                               00000000
RC1                               00000001
RC2                               00000002
RC3                               00000003
RC4                               00000004
RC5                               00000005
RC6                               00000006
RC7                               00000007
RC8_9                             00000006
RC9                               00000006
RCD8                              00000000
RCEN                              00000003
RCIE                              00000005
RCIF                              00000005
RCREG                             0000001A
RCSTA                             00000018
RD                                00000000
RD0                               00000000
RD1                               00000001
RD2                               00000002
RD3                               00000003
RD4                               00000004
RD5                               00000005
RD6                               00000006
RD7                               00000007
RE0                               00000000
RE1                               00000001
RE2                               00000002
READ_WRITE                        00000002
RP0                               00000005
RP1                               00000006
RS                                PORTD,2
RSEN                              00000001
RX9                               00000006
RX9D                              00000000
R_NOT_W                           00000002
R_W                               00000002
S                                 00000003
SEN                               00000000
SMP                               00000007
SPBRG                             00000099
SPEN                              00000007
SREN                              00000005
SSPADD                            00000093
SSPBUF                            00000013
SSPCON                            00000014
SSPCON2                           00000091
SSPEN                             00000005
SSPIE                             00000003
MPASM 5.54                     INTERFACE.ASM   1-29-2014  17:01:09         PAGE 22


SYMBOL TABLE
  LABEL                             VALUE 

SSPIF                             00000003
SSPM0                             00000000
SSPM1                             00000001
SSPM2                             00000002
SSPM3                             00000003
SSPOV                             00000006
SSPSTAT                           00000094
STATUS                            00000003
SYNC                              00000004
Seconds                           000000A7
Standby_Msg                       00000077
Start_Msg                         00000080
Switch_Lines                      00000227
T0CS                              00000005
T0IE                              00000005
T0IF                              00000002
T0SE                              00000004
T1CKPS0                           00000004
T1CKPS1                           00000005
T1CON                             00000010
T1INSYNC                          00000002
T1OSCEN                           00000003
T1SYNC                            00000002
T2CKPS0                           00000000
T2CKPS1                           00000001
T2CON                             00000012
TMR0                              00000001
TMR0IE                            00000005
TMR0IF                            00000002
TMR1                              0000000E
TMR1CS                            00000001
TMR1H                             0000000F
TMR1IE                            00000000
TMR1IF                            00000000
TMR1L                             0000000E
TMR1ON                            00000000
TMR2                              00000011
TMR2IE                            00000001
TMR2IF                            00000001
TMR2ON                            00000002
TOUTPS0                           00000003
TOUTPS1                           00000004
TOUTPS2                           00000005
TOUTPS3                           00000006
TRISA                             00000085
TRISA0                            00000000
TRISA1                            00000001
TRISA2                            00000002
TRISA3                            00000003
TRISA4                            00000004
TRISA5                            00000005
TRISB                             00000086
TRISB0                            00000000
MPASM 5.54                     INTERFACE.ASM   1-29-2014  17:01:09         PAGE 23


SYMBOL TABLE
  LABEL                             VALUE 

TRISB1                            00000001
TRISB2                            00000002
TRISB3                            00000003
TRISB4                            00000004
TRISB5                            00000005
TRISB6                            00000006
TRISB7                            00000007
TRISC                             00000087
TRISC0                            00000000
TRISC1                            00000001
TRISC2                            00000002
TRISC3                            00000003
TRISC4                            00000004
TRISC5                            00000005
TRISC6                            00000006
TRISC7                            00000007
TRISD                             00000088
TRISD0                            00000000
TRISD1                            00000001
TRISD2                            00000002
TRISD3                            00000003
TRISD4                            00000004
TRISD5                            00000005
TRISD6                            00000006
TRISD7                            00000007
TRISE                             00000089
TRISE0                            00000000
TRISE1                            00000001
TRISE2                            00000002
TRMT                              00000001
TX8_9                             00000006
TX9                               00000006
TX9D                              00000000
TXD8                              00000000
TXEN                              00000005
TXIE                              00000004
TXIF                              00000004
TXREG                             00000019
TXSTA                             00000098
Table_Counter                     00000022
Time_Msg                          00000096
UA                                00000001
W                                 00000000
WCOL                              00000007
WR                                00000001
WREN                              00000002
WRERR                             00000003
WR_DATA                           00000239
WR_INS                            0000022A
Z                                 00000002
_.org_0_0019                      00000019
_.org_0_0020                      00000020
_.org_0_0070                      00000070
MPASM 5.54                     INTERFACE.ASM   1-29-2014  17:01:09         PAGE 24


SYMBOL TABLE
  LABEL                             VALUE 

_.org_0_0075                      00000075
_.org_0_024F                      0000024F
_.org_0_025A                      0000025A
_.org_0_025C                      0000025C
_.org_0_025F                      0000025F
_BODEN_OFF                        00003FBF
_BODEN_ON                         00003FFF
_BOREN_OFF                        00003FBF
_BOREN_ON                         00003FFF
_CONFIG                           00002007
_CPD_OFF                          00003FFF
_CPD_ON                           00003EFF
_CP_ALL                           00000FCF
_CP_HALF                          00001FDF
_CP_OFF                           00003FFF
_CP_UPPER_256                     00002FEF
_DEBUG_OFF                        00003FFF
_DEBUG_ON                         000037FF
_DEVID1                           00002006
_FOSC_EXTRC                       00003FFF
_FOSC_HS                          00003FFE
_FOSC_LP                          00003FFC
_FOSC_XT                          00003FFD
_HS_OSC                           00003FFE
_IDLOC0                           00002000
_IDLOC1                           00002001
_IDLOC2                           00002002
_IDLOC3                           00002003
_LP_OSC                           00003FFC
_LVP_OFF                          00003F7F
_LVP_ON                           00003FFF
_PWRTE_OFF                        00003FFF
_PWRTE_ON                         00003FF7
_RC_OSC                           00003FFF
_WDTE_OFF                         00003FFB
_WDTE_ON                          00003FFF
_WDT_OFF                          00003FFB
_WDT_ON                           00003FFF
_WRT_ENABLE_OFF                   00003DFF
_WRT_ENABLE_ON                    00003FFF
_WRT_OFF                          00003DFF
_WRT_ON                           00003FFF
_XT_OSC                           00003FFD
__16F877                          00000001
big_number                        000001FD
check_1                           00000100
check_2                           0000010B
check_3                           00000117
check_4                           00000123
check_5                           0000012F
check_6                           0000013B
check_7                           00000147
check_8                           00000153
MPASM 5.54                     INTERFACE.ASM   1-29-2014  17:01:09         PAGE 25


SYMBOL TABLE
  LABEL                             VALUE 

check_9                           0000015F
check_LED                         000001DE
check_flick                       000001ED
check_none                        000001C1
check_pass                        000001CF
check_standby                     000001BA
check_start                       000001B5
check_summary                     0000016B
check_time                        00000198
com                               00000023
dat                               00000024
default_key                       000001BF
default_status                    000001FC
display_status                    000001C0
information                       000000FF
init                              00000001
keytemp                           00000020
lcdLongDelay                      0000024A
lcd_d1                            00000025
lcd_d2                            00000026
movlf                             
num_dis                           00000034
num_tot                           00000035
op_time                           0000002A
poll                              0000006F
start                             00000022
status1                           0000002B
status2                           0000002C
status3                           0000002D
status4                           0000002E
status5                           0000002F
status6                           00000030
status7                           00000031
status8                           00000032
status9                           00000033
statustemp                        00000021
waiting                           00000018
writenum                          
writenum_reg                      

Errors   :     0
Warnings :     0 reported,     0 suppressed
Messages :     4 reported,     0 suppressed

